

================================================================
== Vivado HLS Report for 'fir'
================================================================
* Date:           Mon Jan 20 21:23:28 2020

* Version:        2019.1 (Build 2552052 on Fri May 24 15:28:33 MDT 2019)
* Project:        fir128_optimized4
* Solution:       solution1
* Product family: zynq
* Target device:  xc7z020-clg400-1


================================================================
== Performance Estimates
================================================================
+ Timing (ns): 
    * Summary: 
    +--------+-------+----------+------------+
    |  Clock | Target| Estimated| Uncertainty|
    +--------+-------+----------+------------+
    |ap_clk  |  10.00|     8.510|        1.25|
    +--------+-------+----------+------------+

+ Latency (clock cycles): 
    * Summary: 
    +-----+-----+-----+-----+---------+
    |  Latency  |  Interval | Pipeline|
    | min | max | min | max |   Type  |
    +-----+-----+-----+-----+---------+
    |  390|  390|  390|  390|   none  |
    +-----+-----+-----+-----+---------+

    + Detail: 
        * Instance: 
        N/A

        * Loop: 
        +----------+-----+-----+----------+-----------+-----------+------+----------+
        |          |  Latency  | Iteration|  Initiation Interval  | Trip |          |
        | Loop Name| min | max |  Latency |  achieved |   target  | Count| Pipelined|
        +----------+-----+-----+----------+-----------+-----------+------+----------+
        |- Loop 1  |  256|  256|         2|          2|          1|   128|    yes   |
        |- Loop 2  |  130|  130|         4|          1|          1|   128|    yes   |
        +----------+-----+-----+----------+-----------+-----------+------+----------+



================================================================
== Utilization Estimates
================================================================
* Summary: 
+-----------------+---------+-------+--------+-------+-----+
|       Name      | BRAM_18K| DSP48E|   FF   |  LUT  | URAM|
+-----------------+---------+-------+--------+-------+-----+
|DSP              |        -|      -|       -|      -|    -|
|Expression       |        -|      2|       0|    186|    -|
|FIFO             |        -|      -|       -|      -|    -|
|Instance         |        -|      -|       -|      -|    -|
|Memory           |        1|      -|       5|     10|    0|
|Multiplexer      |        -|      -|       -|    140|    -|
|Register         |        0|      -|     290|     64|    -|
+-----------------+---------+-------+--------+-------+-----+
|Total            |        1|      2|     295|    400|    0|
+-----------------+---------+-------+--------+-------+-----+
|Available        |      280|    220|  106400|  53200|    0|
+-----------------+---------+-------+--------+-------+-----+
|Utilization (%)  |    ~0   |   ~0  |   ~0   |   ~0  |    0|
+-----------------+---------+-------+--------+-------+-----+

+ Detail: 
    * Instance: 
    N/A

    * DSP48E: 
    N/A

    * Memory: 
    +-------------+---------------+---------+---+----+-----+------+-----+------+-------------+
    |    Memory   |     Module    | BRAM_18K| FF| LUT| URAM| Words| Bits| Banks| W*Bits*Banks|
    +-------------+---------------+---------+---+----+-----+------+-----+------+-------------+
    |c_U          |fir_c          |        0|  5|  10|    0|   128|    5|     1|          640|
    |shift_reg_U  |fir_shift_reg  |        1|  0|   0|    0|   128|   32|     1|         4096|
    +-------------+---------------+---------+---+----+-----+------+-----+------+-------------+
    |Total        |               |        1|  5|  10|    0|   256|   37|     2|         4736|
    +-------------+---------------+---------+---+----+-----+------+-----+------+-------------+

    * FIFO: 
    N/A

    * Expression: 
    +-------------------------+----------+-------+---+----+------------+------------+
    |      Variable Name      | Operation| DSP48E| FF| LUT| Bitwidth P0| Bitwidth P1|
    +-------------------------+----------+-------+---+----+------------+------------+
    |mul_ln37_fu_223_p2       |     *    |      2|  0|  20|          32|           5|
    |add_ln35_fu_188_p2       |     +    |      0|  0|  39|          32|          32|
    |grp_fu_147_p2            |     +    |      0|  0|  15|           8|           2|
    |i_2_fu_214_p2            |     +    |      0|  0|  15|           8|           2|
    |sum_fu_233_p2            |     +    |      0|  0|  39|          32|          32|
    |icmp_ln25_fu_162_p2      |   icmp   |      0|  0|  11|           8|           1|
    |icmp_ln34_fu_202_p2      |   icmp   |      0|  0|  11|           8|           1|
    |select_ln34_fu_228_p3    |  select  |      0|  0|  32|           1|          32|
    |ap_enable_pp1            |    xor   |      0|  0|   2|           1|           2|
    |ap_enable_reg_pp1_iter1  |    xor   |      0|  0|   2|           2|           1|
    +-------------------------+----------+-------+---+----+------------+------------+
    |Total                    |          |      2|  0| 186|         132|         110|
    +-------------------------+----------+-------+---+----+------------+------------+

    * Multiplexer: 
    +-------------------------+----+-----------+-----+-----------+
    |           Name          | LUT| Input Size| Bits| Total Bits|
    +-------------------------+----+-----------+-----+-----------+
    |ap_NS_fsm                |  38|          7|    1|          7|
    |ap_enable_reg_pp1_iter1  |   9|          2|    1|          2|
    |ap_enable_reg_pp1_iter3  |   9|          2|    1|          2|
    |grp_fu_147_p0            |  15|          3|    8|         24|
    |i_0_reg_111              |   9|          2|    8|         16|
    |i_1_reg_136              |   9|          2|    8|         16|
    |shift_reg_address0       |  27|          5|    7|         35|
    |shift_reg_d0             |  15|          3|   32|         96|
    |sum_0_reg_123            |   9|          2|   32|         64|
    +-------------------------+----+-----------+-----+-----------+
    |Total                    | 140|         28|   98|        262|
    +-------------------------+----+-----------+-----+-----------+

    * Register: 
    +--------------------------+----+----+-----+-----------+
    |           Name           | FF | LUT| Bits| Const Bits|
    +--------------------------+----+----+-----+-----------+
    |add_ln35_reg_264          |  31|   0|   32|          1|
    |ap_CS_fsm                 |   6|   0|    6|          0|
    |ap_enable_reg_pp1_iter0   |   1|   0|    1|          0|
    |ap_enable_reg_pp1_iter1   |   1|   0|    1|          0|
    |ap_enable_reg_pp1_iter2   |   1|   0|    1|          0|
    |ap_enable_reg_pp1_iter3   |   1|   0|    1|          0|
    |c_load_reg_298            |   5|   0|    5|          0|
    |i_0_reg_111               |   8|   0|    8|          0|
    |i_1_reg_136               |   8|   0|    8|          0|
    |icmp_ln25_reg_250         |   1|   0|    1|          0|
    |icmp_ln34_reg_273         |   1|   0|    1|          0|
    |mul_ln37_reg_303          |  32|   0|   32|          0|
    |shift_reg_load_1_reg_293  |  32|   0|   32|          0|
    |sum_0_reg_123             |  32|   0|   32|          0|
    |tmp_2_reg_246             |   1|   0|    1|          0|
    |tmp_3_reg_269             |   1|   0|    1|          0|
    |icmp_ln34_reg_273         |  64|  32|    1|          0|
    |tmp_3_reg_269             |  64|  32|    1|          0|
    +--------------------------+----+----+-----+-----------+
    |Total                     | 290|  64|  165|          1|
    +--------------------------+----+----+-----+-----------+



================================================================
== Interface
================================================================
* Summary: 
+----------+-----+-----+------------+--------------+--------------+
| RTL Ports| Dir | Bits|  Protocol  | Source Object|    C Type    |
+----------+-----+-----+------------+--------------+--------------+
|ap_clk    |  in |    1| ap_ctrl_hs |      fir     | return value |
|ap_rst    |  in |    1| ap_ctrl_hs |      fir     | return value |
|ap_start  |  in |    1| ap_ctrl_hs |      fir     | return value |
|ap_done   | out |    1| ap_ctrl_hs |      fir     | return value |
|ap_idle   | out |    1| ap_ctrl_hs |      fir     | return value |
|ap_ready  | out |    1| ap_ctrl_hs |      fir     | return value |
|y         | out |   32|   ap_vld   |       y      |    pointer   |
|y_ap_vld  | out |    1|   ap_vld   |       y      |    pointer   |
|x         |  in |   32|   ap_none  |       x      |    scalar    |
+----------+-----+-----+------------+--------------+--------------+

