

================================================================
== Vivado HLS Report for 'fir'
================================================================
* Date:           Mon Jan 20 17:47:37 2020

* Version:        2019.1 (Build 2552052 on Fri May 24 15:28:33 MDT 2019)
* Project:        baseline
* Solution:       solution1
* Product family: zynq
* Target device:  xc7z020-clg400-1


================================================================
== Performance Estimates
================================================================
+ Timing (ns): 
    * Summary: 
    +--------+-------+----------+------------+
    |  Clock | Target| Estimated| Uncertainty|
    +--------+-------+----------+------------+
    |ap_clk  |  10.00|     8.510|        1.25|
    +--------+-------+----------+------------+

+ Latency (clock cycles): 
    * Summary: 
    +-----+-----+-----+-----+---------+
    |  Latency  |  Interval | Pipeline|
    | min | max | min | max |   Type  |
    +-----+-----+-----+-----+---------+
    |  257|  513|  257|  513|   none  |
    +-----+-----+-----+-----+---------+

    + Detail: 
        * Instance: 
        N/A

        * Loop: 
        +--------------------+-----+-----+----------+-----------+-----------+------+----------+
        |                    |  Latency  | Iteration|  Initiation Interval  | Trip |          |
        |      Loop Name     | min | max |  Latency |  achieved |   target  | Count| Pipelined|
        +--------------------+-----+-----+----------+-----------+-----------+------+----------+
        |- SHIFT_ACCUM_LOOP  |  256|  512|   2 ~ 4  |          -|          -|   128|    no    |
        +--------------------+-----+-----+----------+-----------+-----------+------+----------+



================================================================
== Utilization Estimates
================================================================
* Summary: 
+-----------------+---------+-------+--------+-------+-----+
|       Name      | BRAM_18K| DSP48E|   FF   |  LUT  | URAM|
+-----------------+---------+-------+--------+-------+-----+
|DSP              |        -|      -|       -|      -|    -|
|Expression       |        -|      2|       0|    124|    -|
|FIFO             |        -|      -|       -|      -|    -|
|Instance         |        -|      -|       -|      -|    -|
|Memory           |        1|      -|       5|     10|    0|
|Multiplexer      |        -|      -|       -|    120|    -|
|Register         |        -|      -|     210|      -|    -|
+-----------------+---------+-------+--------+-------+-----+
|Total            |        1|      2|     215|    254|    0|
+-----------------+---------+-------+--------+-------+-----+
|Available        |      280|    220|  106400|  53200|    0|
+-----------------+---------+-------+--------+-------+-----+
|Utilization (%)  |    ~0   |   ~0  |   ~0   |   ~0  |    0|
+-----------------+---------+-------+--------+-------+-----+

+ Detail: 
    * Instance: 
    N/A

    * DSP48E: 
    N/A

    * Memory: 
    +-------------+---------------+---------+---+----+-----+------+-----+------+-------------+
    |    Memory   |     Module    | BRAM_18K| FF| LUT| URAM| Words| Bits| Banks| W*Bits*Banks|
    +-------------+---------------+---------+---+----+-----+------+-----+------+-------------+
    |c_U          |fir_c          |        0|  5|  10|    0|   128|    5|     1|          640|
    |shift_reg_U  |fir_shift_reg  |        1|  0|   0|    0|   128|   32|     1|         4096|
    +-------------+---------------+---------+---+----+-----+------+-----+------+-------------+
    |Total        |               |        1|  5|  10|    0|   256|   37|     2|         4736|
    +-------------+---------------+---------+---+----+-----+------+-----+------+-------------+

    * FIFO: 
    N/A

    * Expression: 
    +---------------------+----------+-------+---+----+------------+------------+
    |    Variable Name    | Operation| DSP48E| FF| LUT| Bitwidth P0| Bitwidth P1|
    +---------------------+----------+-------+---+----+------------+------------+
    |mul_ln31_fu_185_p2   |     *    |      2|  0|  20|          32|           5|
    |add_ln27_fu_148_p2   |     +    |      0|  0|  39|          32|          32|
    |grp_fu_129_p2        |     +    |      0|  0|  15|           8|           2|
    |sum_fu_190_p2        |     +    |      0|  0|  39|          32|          32|
    |icmp_ln26_fu_166_p2  |   icmp   |      0|  0|  11|           8|           1|
    +---------------------+----------+-------+---+----+------------+------------+
    |Total                |          |      2|  0| 124|         112|          72|
    +---------------------+----------+-------+---+----+------------+------------+

    * Multiplexer: 
    +-------------------------------+----+-----------+-----+-----------+
    |              Name             | LUT| Input Size| Bits| Total Bits|
    +-------------------------------+----+-----------+-----+-----------+
    |ap_NS_fsm                      |  33|          6|    1|          6|
    |ap_phi_mux_p_pn_phi_fu_123_p4  |   9|          2|   32|         64|
    |grp_fu_129_p0                  |  15|          3|    8|         24|
    |i_0_reg_108                    |   9|          2|    8|         16|
    |p_pn_reg_120                   |   9|          2|   32|         64|
    |shift_reg_address0             |  21|          4|    7|         28|
    |shift_reg_d0                   |  15|          3|   32|         96|
    |sum_0_reg_95                   |   9|          2|   32|         64|
    +-------------------------------+----+-----------+-----+-----------+
    |Total                          | 120|         24|  152|        362|
    +-------------------------------+----+-----------+-----+-----------+

    * Register: 
    +------------------------+----+----+-----+-----------+
    |          Name          | FF | LUT| Bits| Const Bits|
    +------------------------+----+----+-----+-----------+
    |add_ln27_reg_201        |  31|   0|   32|          1|
    |ap_CS_fsm               |   5|   0|    5|          0|
    |c_load_reg_233          |   5|   0|    5|          0|
    |i_0_reg_108             |   8|   0|    8|          0|
    |icmp_ln26_reg_209       |   1|   0|    1|          0|
    |mul_ln31_reg_238        |  32|   0|   32|          0|
    |p_pn_reg_120            |  32|   0|   32|          0|
    |shift_reg_load_reg_228  |  32|   0|   32|          0|
    |sum_0_reg_95            |  32|   0|   32|          0|
    |zext_ln30_1_reg_218     |  32|   0|   64|         32|
    +------------------------+----+----+-----+-----------+
    |Total                   | 210|   0|  243|         33|
    +------------------------+----+----+-----+-----------+



================================================================
== Interface
================================================================
* Summary: 
+----------+-----+-----+------------+--------------+--------------+
| RTL Ports| Dir | Bits|  Protocol  | Source Object|    C Type    |
+----------+-----+-----+------------+--------------+--------------+
|ap_clk    |  in |    1| ap_ctrl_hs |      fir     | return value |
|ap_rst    |  in |    1| ap_ctrl_hs |      fir     | return value |
|ap_start  |  in |    1| ap_ctrl_hs |      fir     | return value |
|ap_done   | out |    1| ap_ctrl_hs |      fir     | return value |
|ap_idle   | out |    1| ap_ctrl_hs |      fir     | return value |
|ap_ready  | out |    1| ap_ctrl_hs |      fir     | return value |
|y         | out |   32|   ap_vld   |       y      |    pointer   |
|y_ap_vld  | out |    1|   ap_vld   |       y      |    pointer   |
|x         |  in |   32|   ap_none  |       x      |    scalar    |
+----------+-----+-----+------------+--------------+--------------+

