

================================================================
== Vivado HLS Report for 'dft'
================================================================
* Date:           Sun Feb 16 00:15:09 2020

* Version:        2019.1 (Build 2552052 on Fri May 24 15:28:33 MDT 2019)
* Project:        hls
* Solution:       solution1
* Product family: zynq
* Target device:  xc7z020-clg484-1


================================================================
== Performance Estimates
================================================================
+ Timing (ns): 
    * Summary: 
    +--------+-------+----------+------------+
    |  Clock | Target| Estimated| Uncertainty|
    +--------+-------+----------+------------+
    |ap_clk  |  10.00|     8.625|        1.25|
    +--------+-------+----------+------------+

+ Latency (clock cycles): 
    * Summary: 
    +---------+---------+---------+---------+---------+
    |      Latency      |      Interval     | Pipeline|
    |   min   |   max   |   min   |   max   |   Type  |
    +---------+---------+---------+---------+---------+
    |  4788994|  5313282|  4788994|  5313282|   none  |
    +---------+---------+---------+---------+---------+

    + Detail: 
        * Instance: 
        +--------------------------------+---------------------+-----+-----+-----+-----+---------+
        |                                |                     |  Latency  |  Interval | Pipeline|
        |            Instance            |        Module       | min | max | min | max |   Type  |
        +--------------------------------+---------------------+-----+-----+-----+-----+---------+
        |grp_sin_or_cos_double_s_fu_199  |sin_or_cos_double_s  |   43|   51|   43|   51|   none  |
        |grp_sin_or_cos_double_s_fu_218  |sin_or_cos_double_s  |   43|   51|   43|   51|   none  |
        +--------------------------------+---------------------+-----+-----+-----+-----+---------+

        * Loop: 
        +-------------+---------+---------+---------------+-----------+-----------+------+----------+
        |             |      Latency      |   Iteration   |  Initiation Interval  | Trip |          |
        |  Loop Name  |   min   |   max   |    Latency    |  achieved |   target  | Count| Pipelined|
        +-------------+---------+---------+---------------+-----------+-----------+------+----------+
        |- Loop 1     |  4788480|  5312768| 18705 ~ 20753 |          -|          -|   256|    no    |
        | + Loop 1.1  |    18688|    20736|    73 ~ 81    |          -|          -|   256|    no    |
        |- Loop 2     |      512|      512|              2|          -|          -|   256|    no    |
        +-------------+---------+---------+---------------+-----------+-----------+------+----------+



================================================================
== Utilization Estimates
================================================================
* Summary: 
+-----------------+---------+-------+--------+-------+-----+
|       Name      | BRAM_18K| DSP48E|   FF   |  LUT  | URAM|
+-----------------+---------+-------+--------+-------+-----+
|DSP              |        -|      -|       -|      -|    -|
|Expression       |        -|      -|       0|    119|    -|
|FIFO             |        -|      -|       -|      -|    -|
|Instance         |       16|    203|   11765|  17338|    -|
|Memory           |        2|      -|       0|      0|    0|
|Multiplexer      |        -|      -|       -|    514|    -|
|Register         |        -|      -|     706|      -|    -|
+-----------------+---------+-------+--------+-------+-----+
|Total            |       18|    203|   12471|  17971|    0|
+-----------------+---------+-------+--------+-------+-----+
|Available        |      280|    220|  106400|  53200|    0|
+-----------------+---------+-------+--------+-------+-----+
|Utilization (%)  |        6|     92|      11|     33|    0|
+-----------------+---------+-------+--------+-------+-----+

+ Detail: 
    * Instance: 
    +--------------------------------+----------------------+---------+-------+------+------+-----+
    |            Instance            |        Module        | BRAM_18K| DSP48E|  FF  |  LUT | URAM|
    +--------------------------------+----------------------+---------+-------+------+------+-----+
    |dft_dmul_64ns_64ntde_U44        |dft_dmul_64ns_64ntde  |        0|     11|   317|   578|    0|
    |dft_fadd_32ns_32nocq_U35        |dft_fadd_32ns_32nocq  |        0|      2|   205|   390|    0|
    |dft_faddfsub_32nsncg_U34        |dft_faddfsub_32nsncg  |        0|      2|   205|   390|    0|
    |dft_fmul_32ns_32npcA_U36        |dft_fmul_32ns_32npcA  |        0|      3|   143|   321|    0|
    |dft_fmul_32ns_32npcA_U37        |dft_fmul_32ns_32npcA  |        0|      3|   143|   321|    0|
    |dft_fmul_32ns_32npcA_U38        |dft_fmul_32ns_32npcA  |        0|      3|   143|   321|    0|
    |dft_fmul_32ns_32npcA_U39        |dft_fmul_32ns_32npcA  |        0|      3|   143|   321|    0|
    |dft_fpext_32ns_64sc4_U43        |dft_fpext_32ns_64sc4  |        0|      0|   100|   138|    0|
    |dft_fptrunc_64ns_rcU_U41        |dft_fptrunc_64ns_rcU  |        0|      0|   128|   277|    0|
    |dft_fptrunc_64ns_rcU_U42        |dft_fptrunc_64ns_rcU  |        0|      0|   128|   277|    0|
    |dft_sitofp_32ns_3qcK_U40        |dft_sitofp_32ns_3qcK  |        0|      0|   340|   554|    0|
    |grp_sin_or_cos_double_s_fu_199  |sin_or_cos_double_s   |        8|     88|  4885|  6725|    0|
    |grp_sin_or_cos_double_s_fu_218  |sin_or_cos_double_s   |        8|     88|  4885|  6725|    0|
    +--------------------------------+----------------------+---------+-------+------+------+-----+
    |Total                           |                      |       16|    203| 11765| 17338|    0|
    +--------------------------------+----------------------+---------+-------+------+------+-----+

    * DSP48E: 
    N/A

    * Memory: 
    +-------------+---------------+---------+---+----+-----+------+-----+------+-------------+
    |    Memory   |     Module    | BRAM_18K| FF| LUT| URAM| Words| Bits| Banks| W*Bits*Banks|
    +-------------+---------------+---------+---+----+-----+------+-----+------+-------------+
    |temp_real_U  |dft_temp_real  |        1|  0|   0|    0|   256|   32|     1|         8192|
    |temp_imag_U  |dft_temp_real  |        1|  0|   0|    0|   256|   32|     1|         8192|
    +-------------+---------------+---------+---+----+-----+------+-----+------+-------------+
    |Total        |               |        2|  0|   0|    0|   512|   64|     2|        16384|
    +-------------+---------------+---------+---+----+-----+------+-----+------+-------------+

    * FIFO: 
    N/A

    * Expression: 
    +----------------------------------+----------+-------+---+----+------------+------------+
    |           Variable Name          | Operation| DSP48E| FF| LUT| Bitwidth P0| Bitwidth P1|
    +----------------------------------+----------+-------+---+----+------------+------------+
    |i_3_fu_326_p2                     |     +    |      0|  0|  15|           9|           1|
    |i_fu_381_p2                       |     +    |      0|  0|  15|           9|           1|
    |j_fu_349_p2                       |     +    |      0|  0|  15|           9|           1|
    |icmp_ln13_fu_320_p2               |   icmp   |      0|  0|  13|           9|          10|
    |icmp_ln19_fu_343_p2               |   icmp   |      0|  0|  13|           9|          10|
    |icmp_ln32_fu_375_p2               |   icmp   |      0|  0|  13|           9|          10|
    |ap_block_state31_on_subcall_done  |    or    |      0|  0|   2|           1|           1|
    |xor_ln27_fu_364_p2                |    xor   |      0|  0|  33|          32|          33|
    +----------------------------------+----------+-------+---+----+------------+------------+
    |Total                             |          |      0|  0| 119|          87|          67|
    +----------------------------------+----------+-------+---+----+------------+------------+

    * Multiplexer: 
    +----------------------+-----+-----------+-----+-----------+
    |         Name         | LUT | Input Size| Bits| Total Bits|
    +----------------------+-----+-----------+-----+-----------+
    |ap_NS_fsm             |  217|         50|    1|         50|
    |empty_43_reg_152      |    9|          2|   32|         64|
    |empty_44_reg_164      |    9|          2|   32|         64|
    |grp_fu_237_opcode     |   15|          3|    2|          6|
    |grp_fu_237_p0         |   15|          3|   32|         96|
    |grp_fu_237_p1         |   15|          3|   32|         96|
    |grp_fu_241_p0         |   15|          3|   32|         96|
    |grp_fu_241_p1         |   15|          3|   32|         96|
    |grp_fu_247_p0         |   15|          3|   32|         96|
    |grp_fu_247_p1         |   15|          3|   32|         96|
    |grp_fu_263_p0         |   15|          3|   32|         96|
    |grp_fu_266_p0         |   15|          3|   64|        192|
    |grp_fu_274_p0         |   15|          3|   32|         96|
    |i_0_reg_140           |    9|          2|    9|         18|
    |i_1_reg_188           |    9|          2|    9|         18|
    |imag_sample_address0  |   15|          3|    8|         24|
    |j_0_reg_176           |    9|          2|    9|         18|
    |real_sample_address0  |   15|          3|    8|         24|
    |temp_imag_address0    |   21|          4|    8|         32|
    |temp_imag_d0          |   15|          3|   32|         96|
    |temp_real_address0    |   21|          4|    8|         32|
    |temp_real_d0          |   15|          3|   32|         96|
    +----------------------+-----+-----------+-----+-----------+
    |Total                 |  514|        110|  510|       1502|
    +----------------------+-----+-----------+-----+-----------+

    * Register: 
    +---------------------------------------------+----+----+-----+-----------+
    |                     Name                    | FF | LUT| Bits| Const Bits|
    +---------------------------------------------+----+----+-----+-----------+
    |ap_CS_fsm                                    |  49|   0|   49|          0|
    |c_reg_459                                    |  32|   0|   32|          0|
    |empty_43_reg_152                             |  32|   0|   32|          0|
    |empty_44_reg_164                             |  32|   0|   32|          0|
    |grp_sin_or_cos_double_s_fu_199_ap_start_reg  |   1|   0|    1|          0|
    |grp_sin_or_cos_double_s_fu_218_ap_start_reg  |   1|   0|    1|          0|
    |i_0_reg_140                                  |   9|   0|    9|          0|
    |i_1_reg_188                                  |   9|   0|    9|          0|
    |i_3_reg_401                                  |   9|   0|    9|          0|
    |i_reg_506                                    |   9|   0|    9|          0|
    |imag_sample_load_reg_477                     |  32|   0|   32|          0|
    |j_0_reg_176                                  |   9|   0|    9|          0|
    |j_reg_434                                    |   9|   0|    9|          0|
    |real_sample_load_reg_471                     |  32|   0|   32|          0|
    |reg_282                                      |  32|   0|   32|          0|
    |reg_288                                      |  64|   0|   64|          0|
    |reg_295                                      |  32|   0|   32|          0|
    |reg_301                                      |  32|   0|   32|          0|
    |reg_308                                      |  32|   0|   32|          0|
    |s_reg_465                                    |  32|   0|   32|          0|
    |temp_imag_addr_reg_416                       |   8|   0|    8|          0|
    |temp_real_addr_reg_411                       |   8|   0|    8|          0|
    |tmp_3_reg_406                                |  64|   0|   64|          0|
    |tmp_7_reg_493                                |  32|   0|   32|          0|
    |tmp_8_reg_498                                |  32|   0|   32|          0|
    |tmp_s_reg_488                                |  32|   0|   32|          0|
    |w_reg_421                                    |  32|   0|   32|          0|
    |zext_ln33_reg_511                            |   9|   0|   64|         55|
    +---------------------------------------------+----+----+-----+-----------+
    |Total                                        | 706|   0|  761|         55|
    +---------------------------------------------+----+----+-----+-----------+



================================================================
== Interface
================================================================
* Summary: 
+----------------------+-----+-----+------------+--------------+--------------+
|       RTL Ports      | Dir | Bits|  Protocol  | Source Object|    C Type    |
+----------------------+-----+-----+------------+--------------+--------------+
|ap_clk                |  in |    1| ap_ctrl_hs |      dft     | return value |
|ap_rst                |  in |    1| ap_ctrl_hs |      dft     | return value |
|ap_start              |  in |    1| ap_ctrl_hs |      dft     | return value |
|ap_done               | out |    1| ap_ctrl_hs |      dft     | return value |
|ap_idle               | out |    1| ap_ctrl_hs |      dft     | return value |
|ap_ready              | out |    1| ap_ctrl_hs |      dft     | return value |
|real_sample_address0  | out |    8|  ap_memory |  real_sample |     array    |
|real_sample_ce0       | out |    1|  ap_memory |  real_sample |     array    |
|real_sample_we0       | out |    1|  ap_memory |  real_sample |     array    |
|real_sample_d0        | out |   32|  ap_memory |  real_sample |     array    |
|real_sample_q0        |  in |   32|  ap_memory |  real_sample |     array    |
|imag_sample_address0  | out |    8|  ap_memory |  imag_sample |     array    |
|imag_sample_ce0       | out |    1|  ap_memory |  imag_sample |     array    |
|imag_sample_we0       | out |    1|  ap_memory |  imag_sample |     array    |
|imag_sample_d0        | out |   32|  ap_memory |  imag_sample |     array    |
|imag_sample_q0        |  in |   32|  ap_memory |  imag_sample |     array    |
+----------------------+-----+-----+------------+--------------+--------------+

